<?xml version="1.0" encoding="UTF-8"?>
<testng-results ignored="0" total="1" passed="1" failed="0" skipped="0">
  <reporter-output>
  </reporter-output>
  <suite started-at="2025-11-29T23:18:48 IST" name="Default suite" finished-at="2025-11-29T23:18:48 IST" duration-ms="75">
    <groups>
    </groups>
    <test started-at="2025-11-29T23:18:48 IST" name="Default test" finished-at="2025-11-29T23:18:48 IST" duration-ms="75">
      <class name="JavaPractice.Streams">
        <test-method signature="streamCollect()[pri:0, instance:JavaPractice.Streams@21de60b4]" started-at="2025-11-29T23:18:48 IST" name="streamCollect" finished-at="2025-11-29T23:18:48 IST" duration-ms="17" status="PASS">
          <reporter-output>
          </reporter-output>
        </test-method> <!-- streamCollect -->
      </class> <!-- JavaPractice.Streams -->
    </test> <!-- Default test -->
  </suite> <!-- Default suite -->
</testng-results>
